[debug] [2022-06-24T12:35:32.197Z] ----------------------------------------------------------------------
[debug] [2022-06-24T12:35:32.200Z] Command:       C:\Program Files\nodejs\node.exe C:\Users\Vit\AppData\Roaming\npm\node_modules\firebase-tools\lib\bin\firebase.js emulators:start
[debug] [2022-06-24T12:35:32.201Z] CLI Version:   11.1.0
[debug] [2022-06-24T12:35:32.201Z] Platform:      win32
[debug] [2022-06-24T12:35:32.201Z] Node Version:  v16.15.1
[debug] [2022-06-24T12:35:32.202Z] Time:          Fri Jun 24 2022 15:35:32 GMT+0300 (за східноєвропейським літнім часом)
[debug] [2022-06-24T12:35:32.203Z] ----------------------------------------------------------------------
[debug] 
[debug] [2022-06-24T12:35:32.269Z] > command requires scopes: ["email","openid","https://www.googleapis.com/auth/cloudplatformprojects.readonly","https://www.googleapis.com/auth/firebase","https://www.googleapis.com/auth/cloud-platform"]
[debug] [2022-06-24T12:35:32.270Z] > authorizing via signed-in user (vitalyacode@gmail.com)
[debug] [2022-06-24T12:35:32.392Z] java version "18.0.1.1" 2022-04-22

[debug] [2022-06-24T12:35:32.393Z] Java(TM) SE Runtime Environment (build 18.0.1.1+2-6)
Java HotSpot(TM) 64-Bit Server VM (build 18.0.1.1+2-6, mixed mode, sharing)

[debug] [2022-06-24T12:35:32.418Z] Parsed Java major version: 18
[info] i  emulators: Starting emulators: functions, firestore, pubsub {"metadata":{"emulator":{"name":"hub"},"message":"Starting emulators: functions, firestore, pubsub"}}
[debug] [2022-06-24T12:35:32.447Z] [hub] writing locator at C:\Users\Vit\AppData\Local\Temp\hub-c-nema-bc8c9.json
[warn] !  functions: The following emulators are not running, calls to these services from the Functions emulator will affect production: auth, database, hosting, storage {"metadata":{"emulator":{"name":"functions"},"message":"The following emulators are not running, calls to these services from the Functions emulator will affect production: \u001b[1mauth, database, hosting, storage\u001b[22m"}}
[info] +  functions: Using node@16 from host. {"metadata":{"emulator":{"name":"functions"},"message":"Using node@16 from host."}}
[debug] [2022-06-24T12:35:32.477Z] defaultcredentials: writing to file C:\Users\Vit\AppData\Roaming\firebase\vitalyacode_gmail_com_application_default_credentials.json
[debug] [2022-06-24T12:35:32.478Z] Setting GAC to C:\Users\Vit\AppData\Roaming\firebase\vitalyacode_gmail_com_application_default_credentials.json {"metadata":{"emulator":{"name":"functions"},"message":"Setting GAC to C:\\Users\\Vit\\AppData\\Roaming\\firebase\\vitalyacode_gmail_com_application_default_credentials.json"}}
[debug] [2022-06-24T12:35:32.481Z] >>> [apiv2][query] GET https://firebase.googleapis.com/v1beta1/projects/c-nema-bc8c9/adminSdkConfig [none]
[debug] [2022-06-24T12:35:32.789Z] <<< [apiv2][status] GET https://firebase.googleapis.com/v1beta1/projects/c-nema-bc8c9/adminSdkConfig 200
[debug] [2022-06-24T12:35:32.789Z] <<< [apiv2][body] GET https://firebase.googleapis.com/v1beta1/projects/c-nema-bc8c9/adminSdkConfig {"projectId":"c-nema-bc8c9","storageBucket":"c-nema-bc8c9.appspot.com","locationId":"europe-central2"}
[warn] !  firestore: Did not find a Cloud Firestore rules file specified in a firebase.json config file. {"metadata":{"emulator":{"name":"firestore"},"message":"Did not find a Cloud Firestore rules file specified in a firebase.json config file."}}
[warn] !  firestore: The emulator will default to allowing all reads and writes. Learn more about this option: https://firebase.google.com/docs/emulator-suite/install_and_configure#security_rules_configuration. {"metadata":{"emulator":{"name":"firestore"},"message":"The emulator will default to allowing all reads and writes. Learn more about this option: https://firebase.google.com/docs/emulator-suite/install_and_configure#security_rules_configuration."}}
[debug] [2022-06-24T12:35:32.810Z] Ignoring unsupported arg: projectId {"metadata":{"emulator":{"name":"firestore"},"message":"Ignoring unsupported arg: projectId"}}
[debug] [2022-06-24T12:35:32.811Z] Ignoring unsupported arg: auto_download {"metadata":{"emulator":{"name":"firestore"},"message":"Ignoring unsupported arg: auto_download"}}
[debug] [2022-06-24T12:35:32.811Z] Starting Firestore Emulator with command {"binary":"java","args":["-Dgoogle.cloud_firestore.debug_log_level=FINE","-Duser.language=en","-jar","C:\\Users\\Vit\\.cache\\firebase\\emulators\\cloud-firestore-emulator-v1.14.3.jar","--host","localhost","--port",8080,"--functions_emulator","localhost:5001"],"optionalArgs":["port","webchannel_port","host","rules","functions_emulator","seed_from_export"],"joinArgs":false} {"metadata":{"emulator":{"name":"firestore"},"message":"Starting Firestore Emulator with command {\"binary\":\"java\",\"args\":[\"-Dgoogle.cloud_firestore.debug_log_level=FINE\",\"-Duser.language=en\",\"-jar\",\"C:\\\\Users\\\\Vit\\\\.cache\\\\firebase\\\\emulators\\\\cloud-firestore-emulator-v1.14.3.jar\",\"--host\",\"localhost\",\"--port\",8080,\"--functions_emulator\",\"localhost:5001\"],\"optionalArgs\":[\"port\",\"webchannel_port\",\"host\",\"rules\",\"functions_emulator\",\"seed_from_export\"],\"joinArgs\":false}"}}
[info] i  firestore: Firestore Emulator logging to firestore-debug.log {"metadata":{"emulator":{"name":"firestore"},"message":"Firestore Emulator logging to \u001b[1mfirestore-debug.log\u001b[22m"}}
[debug] [2022-06-24T12:35:34.109Z] Ignoring unsupported arg: projectId {"metadata":{"emulator":{"name":"pubsub"},"message":"Ignoring unsupported arg: projectId"}}
[debug] [2022-06-24T12:35:34.109Z] Ignoring unsupported arg: auto_download {"metadata":{"emulator":{"name":"pubsub"},"message":"Ignoring unsupported arg: auto_download"}}
[debug] [2022-06-24T12:35:34.109Z] Starting Pub/Sub Emulator with command {"binary":"C:\\Users\\Vit\\.cache\\firebase\\emulators\\pubsub-emulator-0.1.0\\pubsub-emulator\\bin\\cloud-pubsub-emulator.bat","args":["--host=localhost","--port=8085"],"optionalArgs":["port","host"],"joinArgs":true} {"metadata":{"emulator":{"name":"pubsub"},"message":"Starting Pub/Sub Emulator with command {\"binary\":\"C:\\\\Users\\\\Vit\\\\.cache\\\\firebase\\\\emulators\\\\pubsub-emulator-0.1.0\\\\pubsub-emulator\\\\bin\\\\cloud-pubsub-emulator.bat\",\"args\":[\"--host=localhost\",\"--port=8085\"],\"optionalArgs\":[\"port\",\"host\"],\"joinArgs\":true}"}}
[info] i  pubsub: Pub/Sub Emulator logging to pubsub-debug.log {"metadata":{"emulator":{"name":"pubsub"},"message":"Pub/Sub Emulator logging to \u001b[1mpubsub-debug.log\u001b[22m"}}
[debug] [2022-06-24T12:35:35.175Z] Ignoring unsupported arg: auto_download {"metadata":{"emulator":{"name":"ui"},"message":"Ignoring unsupported arg: auto_download"}}
[debug] [2022-06-24T12:35:35.175Z] Ignoring unsupported arg: port {"metadata":{"emulator":{"name":"ui"},"message":"Ignoring unsupported arg: port"}}
[debug] [2022-06-24T12:35:35.175Z] Starting Emulator UI with command {"binary":"node","args":["--dns-result-order=ipv4first","C:\\Users\\Vit\\.cache\\firebase\\emulators\\ui-v1.7.0\\server.bundle.js"],"optionalArgs":[],"joinArgs":false} {"metadata":{"emulator":{"name":"ui"},"message":"Starting Emulator UI with command {\"binary\":\"node\",\"args\":[\"--dns-result-order=ipv4first\",\"C:\\\\Users\\\\Vit\\\\.cache\\\\firebase\\\\emulators\\\\ui-v1.7.0\\\\server.bundle.js\"],\"optionalArgs\":[],\"joinArgs\":false}"}}
[info] i  ui: Emulator UI logging to ui-debug.log {"metadata":{"emulator":{"name":"ui"},"message":"Emulator UI logging to \u001b[1mui-debug.log\u001b[22m"}}
[debug] [2022-06-24T12:35:35.304Z] Web / API server started at localhost:4000
 {"metadata":{"emulator":{"name":"ui"},"message":"Web / API server started at localhost:4000\n"}}
[info] i  functions: Watching "C:\Users\Vit\Desktop\for save\c-nema\functions" for Cloud Functions... {"metadata":{"emulator":{"name":"functions"},"message":"Watching \"C:\\Users\\Vit\\Desktop\\for save\\c-nema\\functions\" for Cloud Functions..."}}
[debug] [2022-06-24T12:35:35.458Z] Validating nodejs source
[debug] [2022-06-24T12:35:37.681Z] > [functions] package.json contents: {
  "name": "functions",
  "scripts": {
    "build": "tsc",
    "build:watch": "tsc --watch",
    "serve": "npm run build && firebase emulators:start --only functions",
    "shell": "npm run build && firebase functions:shell",
    "start": "npm run shell",
    "deploy": "firebase deploy --only functions",
    "logs": "firebase functions:log"
  },
  "engines": {
    "node": "16"
  },
  "main": "lib/functions/src/index.js",
  "dependencies": {
    "firebase-admin": "^10.2.0",
    "firebase-functions": "^3.21.0"
  },
  "devDependencies": {
    "typescript": "^4.6.4"
  },
  "private": true
}
[debug] [2022-06-24T12:35:37.682Z] Building nodejs source
[debug] [2022-06-24T12:35:37.682Z] Analyzing nodejs backend spec
[debug] [2022-06-24T12:35:37.683Z] Could not find functions.yaml. Must use http discovery
