[debug] [2022-06-24T11:34:22.495Z] ----------------------------------------------------------------------
[debug] [2022-06-24T11:34:22.501Z] Command:       C:\Program Files\nodejs\node.exe C:\Users\Vit\AppData\Roaming\npm\node_modules\firebase-tools\lib\bin\firebase.js emulators:start --debug
[debug] [2022-06-24T11:34:22.502Z] CLI Version:   11.1.0
[debug] [2022-06-24T11:34:22.502Z] Platform:      win32
[debug] [2022-06-24T11:34:22.503Z] Node Version:  v16.15.1
[debug] [2022-06-24T11:34:22.503Z] Time:          Fri Jun 24 2022 14:34:22 GMT+0300 (за східноєвропейським літнім часом)
[debug] [2022-06-24T11:34:22.504Z] ----------------------------------------------------------------------
[debug] 
[debug] [2022-06-24T11:34:22.571Z] > command requires scopes: ["email","openid","https://www.googleapis.com/auth/cloudplatformprojects.readonly","https://www.googleapis.com/auth/firebase","https://www.googleapis.com/auth/cloud-platform"]
[debug] [2022-06-24T11:34:22.572Z] > authorizing via signed-in user (vitalyacode@gmail.com)
[info] i  emulators: Starting emulators: functions {"metadata":{"emulator":{"name":"hub"},"message":"Starting emulators: functions"}}
[debug] [2022-06-24T11:34:22.622Z] [hub] writing locator at C:\Users\Vit\AppData\Local\Temp\hub-c-nema-bc8c9.json
[warn] !  functions: The following emulators are not running, calls to these services from the Functions emulator will affect production: auth, firestore, database, hosting, pubsub, storage {"metadata":{"emulator":{"name":"functions"},"message":"The following emulators are not running, calls to these services from the Functions emulator will affect production: \u001b[1mauth, firestore, database, hosting, pubsub, storage\u001b[22m"}}
[info] +  functions: Using node@16 from host. {"metadata":{"emulator":{"name":"functions"},"message":"Using node@16 from host."}}
[debug] [2022-06-24T11:34:22.655Z] defaultcredentials: writing to file C:\Users\Vit\AppData\Roaming\firebase\vitalyacode_gmail_com_application_default_credentials.json
[debug] [2022-06-24T11:34:22.659Z] Setting GAC to C:\Users\Vit\AppData\Roaming\firebase\vitalyacode_gmail_com_application_default_credentials.json {"metadata":{"emulator":{"name":"functions"},"message":"Setting GAC to C:\\Users\\Vit\\AppData\\Roaming\\firebase\\vitalyacode_gmail_com_application_default_credentials.json"}}
[debug] [2022-06-24T11:34:22.663Z] >>> [apiv2][query] GET https://firebase.googleapis.com/v1beta1/projects/c-nema-bc8c9/adminSdkConfig [none]
[debug] [2022-06-24T11:34:22.994Z] <<< [apiv2][status] GET https://firebase.googleapis.com/v1beta1/projects/c-nema-bc8c9/adminSdkConfig 200
[debug] [2022-06-24T11:34:22.995Z] <<< [apiv2][body] GET https://firebase.googleapis.com/v1beta1/projects/c-nema-bc8c9/adminSdkConfig {"projectId":"c-nema-bc8c9","storageBucket":"c-nema-bc8c9.appspot.com","locationId":"europe-central2"}
[debug] [2022-06-24T11:34:23.019Z] Ignoring unsupported arg: auto_download {"metadata":{"emulator":{"name":"ui"},"message":"Ignoring unsupported arg: auto_download"}}
[debug] [2022-06-24T11:34:23.020Z] Ignoring unsupported arg: port {"metadata":{"emulator":{"name":"ui"},"message":"Ignoring unsupported arg: port"}}
[debug] [2022-06-24T11:34:23.020Z] Starting Emulator UI with command {"binary":"node","args":["--dns-result-order=ipv4first","C:\\Users\\Vit\\.cache\\firebase\\emulators\\ui-v1.7.0\\server.bundle.js"],"optionalArgs":[],"joinArgs":false} {"metadata":{"emulator":{"name":"ui"},"message":"Starting Emulator UI with command {\"binary\":\"node\",\"args\":[\"--dns-result-order=ipv4first\",\"C:\\\\Users\\\\Vit\\\\.cache\\\\firebase\\\\emulators\\\\ui-v1.7.0\\\\server.bundle.js\"],\"optionalArgs\":[],\"joinArgs\":false}"}}
[info] i  ui: Emulator UI logging to ui-debug.log {"metadata":{"emulator":{"name":"ui"},"message":"Emulator UI logging to \u001b[1mui-debug.log\u001b[22m"}}
[debug] [2022-06-24T11:34:23.154Z] Web / API server started at localhost:4000
 {"metadata":{"emulator":{"name":"ui"},"message":"Web / API server started at localhost:4000\n"}}
[info] i  functions: Watching "C:\Users\Vit\Desktop\for save\c-nema\functions" for Cloud Functions... {"metadata":{"emulator":{"name":"functions"},"message":"Watching \"C:\\Users\\Vit\\Desktop\\for save\\c-nema\\functions\" for Cloud Functions..."}}
[debug] [2022-06-24T11:34:23.304Z] Validating nodejs source
[debug] [2022-06-24T11:34:25.728Z] > [functions] package.json contents: {
  "name": "functions",
  "scripts": {
    "lint": "eslint --ext .js,.ts .",
    "build": "tsc",
    "build:watch": "tsc --watch",
    "serve": "npm run build && firebase emulators:start --only functions",
    "shell": "npm run build && firebase functions:shell",
    "start": "npm run shell",
    "deploy": "firebase deploy --only functions",
    "logs": "firebase functions:log"
  },
  "engines": {
    "node": "16"
  },
  "main": "lib/index.js",
  "dependencies": {
    "axios": "^0.27.2",
    "firebase": "^9.8.3",
    "firebase-admin": "^10.0.2",
    "firebase-functions": "^3.18.0"
  },
  "devDependencies": {
    "@typescript-eslint/eslint-plugin": "^5.12.0",
    "@typescript-eslint/parser": "^5.12.0",
    "eslint-config-google": "^0.14.0",
    "eslint-plugin-import": "^2.25.4",
    "firebase-functions-test": "^0.2.0",
    "typescript": "^4.5.4"
  },
  "private": true
}
[info] i  emulators: Shutting down emulators. {"metadata":{"emulator":{"name":"hub"},"message":"Shutting down emulators."}}
[info] i  ui: Stopping Emulator UI {"metadata":{"emulator":{"name":"ui"},"message":"Stopping Emulator UI"}}
[warn] !  Emulator UI has exited upon receiving signal: SIGINT 
[info] i  functions: Stopping Functions Emulator {"metadata":{"emulator":{"name":"functions"},"message":"Stopping Functions Emulator"}}
[info] i  hub: Stopping emulator hub {"metadata":{"emulator":{"name":"hub"},"message":"Stopping emulator hub"}}
[info] i  logging: Stopping Logging Emulator {"metadata":{"emulator":{"name":"logging"},"message":"Stopping Logging Emulator"}}
[error] 
[error] Error: There was an error reading functions\package.json:

 functions\lib\index.js does not exist, can't deploy Cloud Functions
